<?xml version="1.0" encoding="UTF-8" ?>
<testsuites name="vitest tests" tests="15" failures="15" errors="0" time="4.527">
    <testsuite name="tests/integration/option-combinations.test.ts" timestamp="2025-09-06T02:46:44.710Z" hostname="nagoya" tests="15" failures="15" errors="0" skipped="0" time="0.143">
        <testcase classname="tests/integration/option-combinations.test.ts" name="Option Combinations Integration Tests &gt; High Priority Missing Tests - Report Command &gt; should handle report --rolling --cost-limit combination" time="0.059">
            <failure message="ClaudeUsageMonitor is not a constructor" type="TypeError">
TypeError: ClaudeUsageMonitor is not a constructor
 ❯ tests/integration/option-combinations.test.ts:45:15
            </failure>
        </testcase>
        <testcase classname="tests/integration/option-combinations.test.ts" name="Option Combinations Integration Tests &gt; High Priority Missing Tests - Report Command &gt; should handle report --full --since time filter" time="0.006">
            <failure message="ClaudeUsageMonitor is not a constructor" type="TypeError">
TypeError: ClaudeUsageMonitor is not a constructor
 ❯ tests/integration/option-combinations.test.ts:45:15
            </failure>
        </testcase>
        <testcase classname="tests/integration/option-combinations.test.ts" name="Option Combinations Integration Tests &gt; High Priority Missing Tests - Report Command &gt; should handle report --json --tail combination" time="0.008">
            <failure message="ClaudeUsageMonitor is not a constructor" type="TypeError">
TypeError: ClaudeUsageMonitor is not a constructor
 ❯ tests/integration/option-combinations.test.ts:45:15
            </failure>
        </testcase>
        <testcase classname="tests/integration/option-combinations.test.ts" name="Option Combinations Integration Tests &gt; High Priority Missing Tests - Rolling Command &gt; should handle rolling --json --tail combination" time="0.006">
            <failure message="ClaudeUsageMonitor is not a constructor" type="TypeError">
TypeError: ClaudeUsageMonitor is not a constructor
 ❯ tests/integration/option-combinations.test.ts:45:15
            </failure>
        </testcase>
        <testcase classname="tests/integration/option-combinations.test.ts" name="Option Combinations Integration Tests &gt; High Priority Missing Tests - Rolling Command &gt; should handle rolling --cost-limit --full combination" time="0.006">
            <failure message="ClaudeUsageMonitor is not a constructor" type="TypeError">
TypeError: ClaudeUsageMonitor is not a constructor
 ❯ tests/integration/option-combinations.test.ts:45:15
            </failure>
        </testcase>
        <testcase classname="tests/integration/option-combinations.test.ts" name="Option Combinations Integration Tests &gt; High Priority Missing Tests - Rolling Command &gt; should handle rolling --cost-limit --tail combination" time="0.006">
            <failure message="ClaudeUsageMonitor is not a constructor" type="TypeError">
TypeError: ClaudeUsageMonitor is not a constructor
 ❯ tests/integration/option-combinations.test.ts:45:15
            </failure>
        </testcase>
        <testcase classname="tests/integration/option-combinations.test.ts" name="Option Combinations Integration Tests &gt; Medium Priority Tests - Header Options &gt; should handle report --no-header --tail combination" time="0.008">
            <failure message="ClaudeUsageMonitor is not a constructor" type="TypeError">
TypeError: ClaudeUsageMonitor is not a constructor
 ❯ tests/integration/option-combinations.test.ts:45:15
            </failure>
        </testcase>
        <testcase classname="tests/integration/option-combinations.test.ts" name="Option Combinations Integration Tests &gt; Medium Priority Tests - Header Options &gt; should handle rolling --no-header --cost-limit combination" time="0.006">
            <failure message="ClaudeUsageMonitor is not a constructor" type="TypeError">
TypeError: ClaudeUsageMonitor is not a constructor
 ❯ tests/integration/option-combinations.test.ts:45:15
            </failure>
        </testcase>
        <testcase classname="tests/integration/option-combinations.test.ts" name="Option Combinations Integration Tests &gt; Time Filter Edge Cases &gt; should handle report --since --until --full combination" time="0.005">
            <failure message="ClaudeUsageMonitor is not a constructor" type="TypeError">
TypeError: ClaudeUsageMonitor is not a constructor
 ❯ tests/integration/option-combinations.test.ts:45:15
            </failure>
        </testcase>
        <testcase classname="tests/integration/option-combinations.test.ts" name="Option Combinations Integration Tests &gt; Time Filter Edge Cases &gt; should handle rolling --since --until --cost-limit combination" time="0.005">
            <failure message="ClaudeUsageMonitor is not a constructor" type="TypeError">
TypeError: ClaudeUsageMonitor is not a constructor
 ❯ tests/integration/option-combinations.test.ts:45:15
            </failure>
        </testcase>
        <testcase classname="tests/integration/option-combinations.test.ts" name="Option Combinations Integration Tests &gt; Complex Multi-Option Combinations &gt; should handle report --rolling --json --cost-limit --tail" time="0.007">
            <failure message="ClaudeUsageMonitor is not a constructor" type="TypeError">
TypeError: ClaudeUsageMonitor is not a constructor
 ❯ tests/integration/option-combinations.test.ts:45:15
            </failure>
        </testcase>
        <testcase classname="tests/integration/option-combinations.test.ts" name="Option Combinations Integration Tests &gt; Complex Multi-Option Combinations &gt; should handle rolling --full --no-header --cost-limit --since" time="0.004">
            <failure message="ClaudeUsageMonitor is not a constructor" type="TypeError">
TypeError: ClaudeUsageMonitor is not a constructor
 ❯ tests/integration/option-combinations.test.ts:45:15
            </failure>
        </testcase>
        <testcase classname="tests/integration/option-combinations.test.ts" name="Option Combinations Integration Tests &gt; Validation and Error Handling &gt; should handle invalid time format gracefully" time="0.005">
            <failure message="ClaudeUsageMonitor is not a constructor" type="TypeError">
TypeError: ClaudeUsageMonitor is not a constructor
 ❯ tests/integration/option-combinations.test.ts:45:15
            </failure>
        </testcase>
        <testcase classname="tests/integration/option-combinations.test.ts" name="Option Combinations Integration Tests &gt; Validation and Error Handling &gt; should handle zero tail value appropriately" time="0.005">
            <failure message="ClaudeUsageMonitor is not a constructor" type="TypeError">
TypeError: ClaudeUsageMonitor is not a constructor
 ❯ tests/integration/option-combinations.test.ts:45:15
            </failure>
        </testcase>
        <testcase classname="tests/integration/option-combinations.test.ts" name="Option Combinations Integration Tests &gt; Validation and Error Handling &gt; should handle very large cost-limit values" time="0.004">
            <failure message="ClaudeUsageMonitor is not a constructor" type="TypeError">
TypeError: ClaudeUsageMonitor is not a constructor
 ❯ tests/integration/option-combinations.test.ts:45:15
            </failure>
        </testcase>
    </testsuite>
</testsuites>
